<?xml version="1.0" encoding="UTF-8"?>
<!-- Generated by org.testng.reporters.JUnitXMLReporter -->
<testsuite ignored="0" hostname="BhagyaYogComp" failures="2" tests="2" name="Command line test" time="0.388" errors="0" timestamp="05 Nov 2019 10:00:12 GMT">
  <testcase classname="RestAssured.RestAssuredTest" name="restAssured" time="0.355">
    <failure type="java.lang.NoClassDefFoundError" message="javax/xml/bind/JAXBException">
      <![CDATA[java.lang.NoClassDefFoundError: javax/xml/bind/JAXBException
	at io.restassured.config.ObjectMapperConfig.<init>(ObjectMapperConfig.java:49)
	at io.restassured.config.RestAssuredConfig.<init>(RestAssuredConfig.java:41)
	at io.restassured.RestAssured.<clinit>(RestAssured.java:420)
	at RestAssured.RestAssuredTest.restAssured(RestAssuredTest.java:19)
Caused by: java.lang.ClassNotFoundException: javax.xml.bind.JAXBException
	at java.base/jdk.internal.loader.BuiltinClassLoader.loadClass(BuiltinClassLoader.java:604)
	at java.base/jdk.internal.loader.ClassLoaders$AppClassLoader.loadClass(ClassLoaders.java:178)
	at java.base/java.lang.ClassLoader.loadClass(ClassLoader.java:521)
	... 39 more
... Removed 35 stack frames]]>
    </failure>
  </testcase> <!-- restAssured -->
  <testcase classname="RestAssured.RestAssuredTest" name="restAssured_String" time="0.0">
    <failure type="java.lang.NoClassDefFoundError" message="Could not initialize class io.restassured.RestAssured">
      <![CDATA[java.lang.NoClassDefFoundError: Could not initialize class io.restassured.RestAssured
	at RestAssured.RestAssuredTest.restAssured_String(RestAssuredTest.java:28)
... Removed 35 stack frames]]>
    </failure>
  </testcase> <!-- restAssured_String -->
</testsuite> <!-- Command line test -->
