<?xml version="1.0" encoding="UTF-8"?>
<testng-results ignored="0" total="1" passed="1" failed="0" skipped="0">
  <reporter-output>
  </reporter-output>
  <suite started-at="2019-11-12T17:21:02Z" name="Default suite" finished-at="2019-11-12T17:21:45Z" duration-ms="43296">
    <groups>
    </groups>
    <test started-at="2019-11-12T17:21:02Z" name="Default test" finished-at="2019-11-12T17:21:45Z" duration-ms="43296">
      <class name="ExcelTestSuitEngine.TestNG_ExcelTestEngine">
        <test-method is-config="true" signature="beforeSuite()[pri:0, instance:ExcelTestSuitEngine.TestNG_ExcelTestEngine@49d3c823]" started-at="2019-11-12T18:20:58Z" name="beforeSuite" finished-at="2019-11-12T18:21:02Z" duration-ms="4164" status="PASS">
          <reporter-output>
          </reporter-output>
        </test-method> <!-- beforeSuite -->
        <test-method is-config="true" signature="beforeTest()[pri:0, instance:ExcelTestSuitEngine.TestNG_ExcelTestEngine@49d3c823]" started-at="2019-11-12T18:21:02Z" name="beforeTest" finished-at="2019-11-12T18:21:02Z" duration-ms="1" status="PASS">
          <reporter-output>
          </reporter-output>
        </test-method> <!-- beforeTest -->
        <test-method signature="ExcelTestSuitRun()[pri:0, instance:ExcelTestSuitEngine.TestNG_ExcelTestEngine@49d3c823]" started-at="2019-11-12T18:21:02Z" name="ExcelTestSuitRun" finished-at="2019-11-12T18:21:45Z" duration-ms="43050" status="PASS">
          <reporter-output>
          </reporter-output>
        </test-method> <!-- ExcelTestSuitRun -->
        <test-method is-config="true" signature="afterTest()[pri:0, instance:ExcelTestSuitEngine.TestNG_ExcelTestEngine@49d3c823]" started-at="2019-11-12T18:21:45Z" name="afterTest" finished-at="2019-11-12T18:21:45Z" duration-ms="158" status="PASS">
          <reporter-output>
          </reporter-output>
        </test-method> <!-- afterTest -->
        <test-method is-config="true" signature="afterSuite()[pri:0, instance:ExcelTestSuitEngine.TestNG_ExcelTestEngine@49d3c823]" started-at="2019-11-12T18:21:45Z" name="afterSuite" finished-at="2019-11-12T18:21:45Z" duration-ms="0" status="PASS">
          <reporter-output>
          </reporter-output>
        </test-method> <!-- afterSuite -->
      </class> <!-- ExcelTestSuitEngine.TestNG_ExcelTestEngine -->
    </test> <!-- Default test -->
  </suite> <!-- Default suite -->
</testng-results>
